<?xml version="1.0" encoding="UTF-8"?>
<testng-results ignored="0" total="1" passed="1" failed="0" skipped="0">
  <reporter-output>
  </reporter-output>
  <suite started-at="2024-12-09T10:58:58 IST" name="Suite" finished-at="2024-12-09T10:59:02 IST" duration-ms="4073">
    <groups>
    </groups>
    <test started-at="2024-12-09T10:58:58 IST" name="Test" finished-at="2024-12-09T10:59:02 IST" duration-ms="4073">
      <class name="com.demo7.demo7.GitDemo">
        <test-method signature="f()[pri:0, instance:com.demo7.demo7.GitDemo@58ea606c]" started-at="2024-12-09T10:58:58 IST" name="f" finished-at="2024-12-09T10:59:02 IST" duration-ms="4043" status="PASS">
          <reporter-output>
          </reporter-output>
        </test-method> <!-- f -->
      </class> <!-- com.demo7.demo7.GitDemo -->
    </test> <!-- Test -->
  </suite> <!-- Suite -->
</testng-results>
